<?xml version="1.0" encoding="UTF-8"?>
<testsuite xmlns:xsi="http://www.w3.org/2001/XMLSchema-instance" xsi:noNamespaceSchemaLocation="https://maven.apache.org/surefire/maven-surefire-plugin/xsd/surefire-test-report-3.0.xsd" version="3.0" name="com.maddev.coozy.model.ChoreTest" time="0.085" tests="9" errors="0" skipped="0" failures="0">
  <properties>
[...]
</properties>
  <testcase name="setId" classname="com.maddev.coozy.model.ChoreTest" time="0.042"/>
  <testcase name="setCompleted" classname="com.maddev.coozy.model.ChoreTest" time="0.001"/>
  <testcase name="setDescription" classname="com.maddev.coozy.model.ChoreTest" time="0.002"/>
  <testcase name="setReward" classname="com.maddev.coozy.model.ChoreTest" time="0.001"/>
  <testcase name="setUserId" classname="com.maddev.coozy.model.ChoreTest" time="0.0"/>
  <testcase name="setDueDate" classname="com.maddev.coozy.model.ChoreTest" time="0.002"/>
  <testcase name="setHome" classname="com.maddev.coozy.model.ChoreTest" time="0.001"/>
  <testcase name="setIcon" classname="com.maddev.coozy.model.ChoreTest" time="0.0"/>
  <testcase name="setName" classname="com.maddev.coozy.model.ChoreTest" time="0.001"/>
</testsuite>